Microsoft HTML Help Compiler 4.74.8702

Compiling c:\Users\Misterchaos\Documents\Java Develop Workplaces\IDEA workspace\HotelSystem\docs.CHM

allclasses-frame.html
HHC3002: Warning: allclasses-noframe.html : The HTML tag "a" is missing a closing angle bracket.
allclasses-noframe.html
com\hyc\www\controller\constant\CacheConst.html
com\hyc\www\controller\constant\class-use\CacheConst.html
com\hyc\www\controller\constant\class-use\Methods.html
com\hyc\www\controller\constant\class-use\Pages.html
com\hyc\www\controller\constant\Methods.html
com\hyc\www\controller\constant\package-frame.html
com\hyc\www\controller\constant\package-summary.html
com\hyc\www\controller\constant\package-tree.html
com\hyc\www\controller\constant\package-use.html
com\hyc\www\controller\constant\Pages.html
com\hyc\www\controller\filter\class-use\EncodingFilter.html
com\hyc\www\controller\filter\class-use\LoginFilter.html
com\hyc\www\controller\filter\EncodingFilter.html
com\hyc\www\controller\filter\LoginFilter.html
com\hyc\www\controller\filter\package-frame.html
com\hyc\www\controller\filter\package-summary.html
com\hyc\www\controller\filter\package-tree.html
com\hyc\www\controller\filter\package-use.html
com\hyc\www\controller\listener\class-use\MyServletContextListener.html
com\hyc\www\controller\listener\MyServletContextListener.html
com\hyc\www\controller\listener\package-frame.html
com\hyc\www\controller\listener\package-summary.html
com\hyc\www\controller\listener\package-tree.html
com\hyc\www\controller\listener\package-use.html
com\hyc\www\controller\servlet\class-use\OrderRoomServlet.html
com\hyc\www\controller\servlet\class-use\RoomServlet.findType.html
com\hyc\www\controller\servlet\class-use\RoomServlet.html
com\hyc\www\controller\servlet\class-use\UserServlet.FindType.html
com\hyc\www\controller\servlet\class-use\UserServlet.html
com\hyc\www\controller\servlet\class-use\UserServlet.UpdateType.html
com\hyc\www\controller\servlet\OrderRoomServlet.html
com\hyc\www\controller\servlet\package-frame.html
com\hyc\www\controller\servlet\package-summary.html
com\hyc\www\controller\servlet\package-tree.html
com\hyc\www\controller\servlet\package-use.html
com\hyc\www\controller\servlet\RoomServlet.findType.html
com\hyc\www\controller\servlet\RoomServlet.html
com\hyc\www\controller\servlet\UserServlet.FindType.html
com\hyc\www\controller\servlet\UserServlet.html
com\hyc\www\controller\servlet\UserServlet.UpdateType.html
com\hyc\www\dao\class-use\DaoFactory.html
com\hyc\www\dao\class-use\MyDataSource.html
com\hyc\www\dao\DaoFactory.html
com\hyc\www\dao\impl\BaseDaoImpl.html
com\hyc\www\dao\impl\BaseDaoImpl.ListMapper.html
com\hyc\www\dao\impl\BaseDaoImpl.SelectMapper.html
com\hyc\www\dao\impl\BaseDaoImpl.SelectOrderBy.html
com\hyc\www\dao\impl\BaseDaoImpl.SelectWhereMapper.html
com\hyc\www\dao\impl\class-use\BaseDaoImpl.html
com\hyc\www\dao\impl\class-use\BaseDaoImpl.ListMapper.html
com\hyc\www\dao\impl\class-use\BaseDaoImpl.SelectMapper.html
com\hyc\www\dao\impl\class-use\BaseDaoImpl.SelectOrderBy.html
com\hyc\www\dao\impl\class-use\BaseDaoImpl.SelectWhereMapper.html
com\hyc\www\dao\impl\class-use\HotelDaoImpl.html
com\hyc\www\dao\impl\class-use\MyDataSourceImpl.html
com\hyc\www\dao\impl\class-use\OrderRoomDaoImpl.html
com\hyc\www\dao\impl\class-use\PictrueDaoImpl.html
com\hyc\www\dao\impl\class-use\RoomDaoImpl.html
com\hyc\www\dao\impl\class-use\UserDaoImpl.html
com\hyc\www\dao\impl\HotelDaoImpl.html
com\hyc\www\dao\impl\MyDataSourceImpl.html
com\hyc\www\dao\impl\OrderRoomDaoImpl.html
com\hyc\www\dao\impl\package-frame.html
com\hyc\www\dao\impl\package-summary.html
com\hyc\www\dao\impl\package-tree.html
com\hyc\www\dao\impl\package-use.html
com\hyc\www\dao\impl\PictrueDaoImpl.html
com\hyc\www\dao\impl\RoomDaoImpl.html
com\hyc\www\dao\impl\UserDaoImpl.html
com\hyc\www\dao\inter\BaseDao.html
com\hyc\www\dao\inter\class-use\BaseDao.html
com\hyc\www\dao\inter\class-use\HotelDao.html
com\hyc\www\dao\inter\class-use\MyDataSource.html
com\hyc\www\dao\inter\class-use\OrderRoomDao.html
com\hyc\www\dao\inter\class-use\ParamMapper.html
com\hyc\www\dao\inter\class-use\ResultMapper.html
com\hyc\www\dao\inter\class-use\RoomDao.html
com\hyc\www\dao\inter\class-use\SqlMapper.html
com\hyc\www\dao\inter\class-use\UserDao.html
com\hyc\www\dao\inter\HotelDao.html
com\hyc\www\dao\inter\MyDataSource.html
com\hyc\www\dao\inter\OrderRoomDao.html
com\hyc\www\dao\inter\package-frame.html
com\hyc\www\dao\inter\package-summary.html
com\hyc\www\dao\inter\package-tree.html
com\hyc\www\dao\inter\package-use.html
com\hyc\www\dao\inter\ParamMapper.html
com\hyc\www\dao\inter\ResultMapper.html
com\hyc\www\dao\inter\RoomDao.html
com\hyc\www\dao\inter\SqlMapper.html
com\hyc\www\dao\inter\UserDao.html
com\hyc\www\dao\MyDataSource.html
com\hyc\www\dao\package-frame.html
com\hyc\www\dao\package-summary.html
com\hyc\www\dao\package-tree.html
com\hyc\www\dao\package-use.html
com\hyc\www\exception\class-use\DaoException.html
com\hyc\www\exception\class-use\ServiceException.html
com\hyc\www\exception\DaoException.html
com\hyc\www\exception\package-frame.html
com\hyc\www\exception\package-summary.html
com\hyc\www\exception\package-tree.html
com\hyc\www\exception\package-use.html
com\hyc\www\exception\ServiceException.html
com\hyc\www\po\abs\BaseEntity.html
com\hyc\www\po\abs\class-use\BaseEntity.html
com\hyc\www\po\abs\class-use\Order.html
com\hyc\www\po\abs\class-use\Product.html
com\hyc\www\po\abs\Order.html
com\hyc\www\po\abs\package-frame.html
com\hyc\www\po\abs\package-summary.html
com\hyc\www\po\abs\package-tree.html
com\hyc\www\po\abs\package-use.html
com\hyc\www\po\abs\Product.html
com\hyc\www\po\class-use\Hotel.html
com\hyc\www\po\class-use\OrderRoom.html
com\hyc\www\po\class-use\Picture.html
com\hyc\www\po\class-use\Room.html
com\hyc\www\po\class-use\User.html
com\hyc\www\po\Hotel.html
com\hyc\www\po\OrderRoom.html
com\hyc\www\po\package-frame.html
com\hyc\www\po\package-summary.html
com\hyc\www\po\package-tree.html
com\hyc\www\po\package-use.html
com\hyc\www\po\Picture.html
com\hyc\www\po\Room.html
com\hyc\www\po\User.html
com\hyc\www\service\constant\class-use\Status.html
com\hyc\www\service\constant\package-frame.html
com\hyc\www\service\constant\package-summary.html
com\hyc\www\service\constant\package-tree.html
com\hyc\www\service\constant\package-use.html
com\hyc\www\service\constant\Status.html
com\hyc\www\service\impl\class-use\OrderRoomServiceImpl.html
com\hyc\www\service\impl\class-use\RoomServiceImpl.html
com\hyc\www\service\impl\class-use\UserServiceImpl.html
com\hyc\www\service\impl\OrderRoomServiceImpl.html
com\hyc\www\service\impl\package-frame.html
com\hyc\www\service\impl\package-summary.html
com\hyc\www\service\impl\package-tree.html
com\hyc\www\service\impl\package-use.html
com\hyc\www\service\impl\RoomServiceImpl.html
com\hyc\www\service\impl\UserServiceImpl.html
com\hyc\www\service\inter\class-use\OrderRoomService.html
com\hyc\www\service\inter\class-use\RoomService.html
com\hyc\www\service\inter\class-use\UserService.html
com\hyc\www\service\inter\OrderRoomService.html
com\hyc\www\service\inter\package-frame.html
com\hyc\www\service\inter\package-summary.html
com\hyc\www\service\inter\package-tree.html
com\hyc\www\service\inter\package-use.html
com\hyc\www\service\inter\RoomService.html
com\hyc\www\service\inter\UserService.html
com\hyc\www\test\class-use\TestBeanUtils.html
com\hyc\www\test\class-use\TestDao.html
com\hyc\www\test\class-use\TestFile.html
com\hyc\www\test\class-use\TestHotelDao.html
com\hyc\www\test\class-use\TestJdbcUtils.html
com\hyc\www\test\class-use\TestMyDataSource.html
com\hyc\www\test\class-use\TestOrderDao.html
com\hyc\www\test\class-use\TestRegex.html
com\hyc\www\test\class-use\TestRoomDao.html
com\hyc\www\test\class-use\TestServiceUtils.html
com\hyc\www\test\class-use\TestStringUtils.html
com\hyc\www\test\class-use\TestUserDao.html
com\hyc\www\test\package-frame.html
com\hyc\www\test\package-summary.html
com\hyc\www\test\package-tree.html
com\hyc\www\test\package-use.html
com\hyc\www\test\TestBeanUtils.html
com\hyc\www\test\TestDao.html
com\hyc\www\test\TestFile.html
com\hyc\www\test\TestHotelDao.html
com\hyc\www\test\TestJdbcUtils.html
com\hyc\www\test\TestMyDataSource.html
com\hyc\www\test\TestOrderDao.html
com\hyc\www\test\TestRegex.html
com\hyc\www\test\TestRoomDao.html
com\hyc\www\test\TestServiceUtils.html
com\hyc\www\test\TestStringUtils.html
com\hyc\www\test\TestUserDao.html
com\hyc\www\util\BeanFactory.DaoType.html
com\hyc\www\util\BeanFactory.html
com\hyc\www\util\BeanFactory.ServiceType.html
com\hyc\www\util\BeanUtils.html
com\hyc\www\util\class-use\BeanFactory.DaoType.html
com\hyc\www\util\class-use\BeanFactory.html
com\hyc\www\util\class-use\BeanFactory.ServiceType.html
com\hyc\www\util\class-use\BeanUtils.html
com\hyc\www\util\class-use\ControllerUtils.html
com\hyc\www\util\class-use\JdbcUtils.html
com\hyc\www\util\class-use\Md5Utils.html
com\hyc\www\util\class-use\ReflectUtils.html
com\hyc\www\util\class-use\ServiceUtils.html
com\hyc\www\util\class-use\StringUtils.html
com\hyc\www\util\class-use\UploadUtils.html
com\hyc\www\util\class-use\UUIDUtils.html
com\hyc\www\util\ControllerUtils.html
com\hyc\www\util\JdbcUtils.html
com\hyc\www\util\Md5Utils.html
com\hyc\www\util\package-frame.html
com\hyc\www\util\package-summary.html
com\hyc\www\util\package-tree.html
com\hyc\www\util\package-use.html
com\hyc\www\util\ReflectUtils.html
com\hyc\www\util\ServiceUtils.html
com\hyc\www\util\StringUtils.html
com\hyc\www\util\UploadUtils.html
com\hyc\www\util\UUIDUtils.html
com\hyc\www\vo\class-use\PagesVo.html
com\hyc\www\vo\package-frame.html
com\hyc\www\vo\package-summary.html
com\hyc\www\vo\package-tree.html
com\hyc\www\vo\package-use.html
com\hyc\www\vo\PagesVo.html
constant-values.html
deprecated-list.html
help-doc.html
index.html
index-files\index-1.html
index-files\index-10.html
index-files\index-11.html
index-files\index-12.html
index-files\index-13.html
index-files\index-14.html
index-files\index-15.html
index-files\index-16.html
index-files\index-17.html
index-files\index-18.html
index-files\index-19.html
index-files\index-2.html
index-files\index-20.html
index-files\index-21.html
index-files\index-22.html
index-files\index-3.html
index-files\index-4.html
index-files\index-5.html
index-files\index-6.html
index-files\index-7.html
index-files\index-8.html
index-files\index-9.html
overview-frame.html
overview-summary.html
overview-tree.html
script.js
serialized-form.html
stylesheet.css
TOC-Created-By-Easy-CHM.HHC
Index-Created-By-Easy-CHM.HHK

Compile time: 0 minutes, 2 seconds
250	Topics
10,514	Local links
0	Internet links
0	Graphics


Created c:\Users\Misterchaos\Documents\Java Develop Workplaces\IDEA workspace\HotelSystem\docs.CHM, 393,094 bytes
Compression decreased file by 2,381,237 bytes.
